This file contains any messages produced by compilers while
running configure, to aid debugging if configure makes a mistake.

It was created by configure, which was
generated by GNU Autoconf 2.57.  Invocation command line was

  $ ./configure --prefix=/usr/local arm-linux --build=i386-pc-linux-gnu -C --disable-gui --enable-unicode CC=arm-uclibc-linux-2.6.36-gcc CFLAGS=-Os -O2 -DBCMNVRAM -DBCMWPA2 -DRESTART_ALL_PROCESSES -D__CONFIG_USBAP__ -DBCMQOS -DBCMWPS -D__CONFIG_EMF__ -DTRAFFIC_MGMT_RSSI_POLICY -DPHYMON -DSUPPORT_REMOTE_HTTPS -DINCLUDE_WPS_V20 -DINCLUDE_5G_AUTO_CHANNEL -DOPENDNS_PARENTAL_CONTROL -DINCLUDE_ACCESSCONTROL -DINCLUDE_QUICK_QOS -DINCLUDE_UCP -DU12H270 -DR7000 -DMULTIPLE_SSID -DENABLE_ML -DOPEN_SOURCE_SUPPORT -DBCM53125 -DBCM5301X -DACS_INTF_DETECT_PATCH -DCONFIG_RUSSIA_IPTV -DVIDEO_STREAMING_QOS -DFBWIFI_FLAG -DDLNA -DHTTP_ACCESS_USB -DMAX_USB_ACCESS -DSAMBA_ENABLE -DUSB_NEW_SPEC -DINCLUDE_WIFI_BUTTON -DINCLUDE_USB_LED -DINCLUDE_DUAL_BAND -DSINGLE_FIRMWARE -DINCLUDE_GET_ST_CHKSUM -DUNIFIED_STR_TBL -DFIRST_MTD_ROTATION -DWIFI_ON_OFF_SCHE -DAUTO_CONN_24HR -DIGMP_PROXY -DAP_MODE -D__CONFIG_IGMP_SNOOPING__ -DLINUX26 -DINCLUDE_IPV6 -DPRESET_WL_SECURITY -DNEW_BCM_WPS_IPC -DSUPPORT_AC_MODE -DSTA_MODE -DPPP_RU_DESIGN -DEXT_ACS -DARP_PROTECTION -DBCM_DCS -DEXT_ACS -Os -DLINUX26 -DCONFIG_KERNEL_2_6_36 -s -Os -fPIC -I/home/edward/GPL/V1.0.3.28_1.1.22PRRU/ap/gpl/amule/wxWidgets-2.8.12/include CPP=arm-uclibc-linux-2.6.36-gcc -E CXX=arm-uclibc-linux-2.6.36-g++ LDFLAGS=-L/home/edward/GPL/V1.0.3.28_1.1.22PRRU/ap/gpl/amule/wxWidgets-2.8.12/lib -L/home/edward/GPL/V1.0.3.28_1.1.22PRRU/ap/gpl/amule/libcryptoxx-5.6.0 build_alias=i386-pc-linux-gnu host_alias=arm-linux target_alias=arm-linux --cache-file=../../config.cache --srcdir=.

## --------- ##
## Platform. ##
## --------- ##

hostname = sw-server-206
uname -m = i686
uname -r = 2.6.18-128.el5PAE
uname -s = Linux
uname -v = #1 SMP Wed Dec 17 12:02:33 EST 2008

/usr/bin/uname -p = unknown
/bin/uname -X     = unknown

/bin/arch              = i686
/usr/bin/arch -k       = unknown
/usr/convex/getsysinfo = unknown
hostinfo               = unknown
/bin/machine           = unknown
/usr/bin/oslevel       = unknown
/bin/universe          = unknown

PATH: /projects/hnd/tools/linux/hndtools-arm-linux-2.6.36-uclibc-4.5.3/bin
PATH: /usr/kerberos/bin
PATH: /usr/local/bin
PATH: /bin
PATH: /usr/bin
PATH: /home/edward/bin


## ----------- ##
## Core tests. ##
## ----------- ##

configure:1344: loading cache ../../config.cache
configure:1654: checking for arm-linux-gcc
configure:1680: result: arm-uclibc-linux-2.6.36-gcc
configure:1962: checking for C compiler version
configure:1965: arm-uclibc-linux-2.6.36-gcc --version </dev/null >&5
arm-uclibc-linux-2.6.36-gcc (Buildroot 2012.02) 4.5.3
Copyright (C) 2010 Free Software Foundation, Inc.
This is free software; see the source for copying conditions.  There is NO
warranty; not even for MERCHANTABILITY or FITNESS FOR A PARTICULAR PURPOSE.

configure:1968: $? = 0
configure:1970: arm-uclibc-linux-2.6.36-gcc -v </dev/null >&5
Using built-in specs.
COLLECT_GCC=arm-uclibc-linux-2.6.36-gcc
COLLECT_LTO_WRAPPER=/projects/hnd/tools/linux/hndtools-arm-linux-2.6.36-uclibc-4.5.3/libexec/gcc/arm-brcm-linux-uclibcgnueabi/4.5.3/lto-wrapper
Target: arm-brcm-linux-uclibcgnueabi
Configured with: /projects/toolchains_build/buildroot-2012.02-brcm/output/toolchain/gcc-4.5.3/configure --prefix=/projects/hnd/tools/linux/hndtools-arm-linux-2.6.36-uclibc-4.5.3 --build=i686-pc-linux-gnu --host=i686-pc-linux-gnu --target=arm-brcm-linux-uclibcgnueabi --enable-languages=c,c++ --with-sysroot=/projects/hnd/tools/linux/hndtools-arm-linux-2.6.36-uclibc-4.5.3/arm-brcm-linux-uclibcgnueabi/sysroot --with-build-time-tools=/projects/hnd/tools/linux/hndtools-arm-linux-2.6.36-uclibc-4.5.3/arm-brcm-linux-uclibcgnueabi/bin --disable-__cxa_atexit --enable-target-optspace --disable-libgomp --with-gnu-ld --disable-libssp --disable-multilib --disable-tls --enable-shared --with-gmp=/projects/hnd/tools/linux/hndtools-arm-linux-2.6.36-uclibc-4.5.3 --with-mpfr=/projects/hnd/tools/linux/hndtools-arm-linux-2.6.36-uclibc-4.5.3 --with-mpc=/projects/hnd/tools/linux/hndtools-arm-linux-2.6.36-uclibc-4.5.3 --enable-threads --disable-decimal-float --with-float=soft --with-abi=aapcs-linux --with-arch=armv7-a --with-tune=cortex-a9 --with-pkgversion='Buildroot 2012.02' --with-bugurl=http://bugs.buildroot.net/
Thread model: posix
gcc version 4.5.3 (Buildroot 2012.02) 
configure:1973: $? = 0
configure:1975: arm-uclibc-linux-2.6.36-gcc -V </dev/null >&5
arm-uclibc-linux-2.6.36-gcc: '-V' option must have argument
configure:1978: $? = 1
configure:2002: checking for C compiler default output
configure:2005: arm-uclibc-linux-2.6.36-gcc -Os -O2 -DBCMNVRAM -DBCMWPA2 -DRESTART_ALL_PROCESSES -D__CONFIG_USBAP__ -DBCMQOS -DBCMWPS -D__CONFIG_EMF__ -DTRAFFIC_MGMT_RSSI_POLICY -DPHYMON -DSUPPORT_REMOTE_HTTPS -DINCLUDE_WPS_V20 -DINCLUDE_5G_AUTO_CHANNEL -DOPENDNS_PARENTAL_CONTROL -DINCLUDE_ACCESSCONTROL -DINCLUDE_QUICK_QOS -DINCLUDE_UCP -DU12H270 -DR7000 -DMULTIPLE_SSID -DENABLE_ML -DOPEN_SOURCE_SUPPORT -DBCM53125 -DBCM5301X -DACS_INTF_DETECT_PATCH -DCONFIG_RUSSIA_IPTV -DVIDEO_STREAMING_QOS -DFBWIFI_FLAG -DDLNA -DHTTP_ACCESS_USB -DMAX_USB_ACCESS -DSAMBA_ENABLE -DUSB_NEW_SPEC -DINCLUDE_WIFI_BUTTON -DINCLUDE_USB_LED -DINCLUDE_DUAL_BAND -DSINGLE_FIRMWARE -DINCLUDE_GET_ST_CHKSUM -DUNIFIED_STR_TBL -DFIRST_MTD_ROTATION -DWIFI_ON_OFF_SCHE -DAUTO_CONN_24HR -DIGMP_PROXY -DAP_MODE -D__CONFIG_IGMP_SNOOPING__ -DLINUX26 -DINCLUDE_IPV6 -DPRESET_WL_SECURITY -DNEW_BCM_WPS_IPC -DSUPPORT_AC_MODE -DSTA_MODE -DPPP_RU_DESIGN -DEXT_ACS -DARP_PROTECTION -DBCM_DCS -DEXT_ACS -Os -DLINUX26 -DCONFIG_KERNEL_2_6_36 -s -Os -fPIC -I/home/edward/GPL/V1.0.3.28_1.1.22PRRU/ap/gpl/amule/wxWidgets-2.8.12/include  -L/home/edward/GPL/V1.0.3.28_1.1.22PRRU/ap/gpl/amule/wxWidgets-2.8.12/lib -L/home/edward/GPL/V1.0.3.28_1.1.22PRRU/ap/gpl/amule/libcryptoxx-5.6.0 conftest.c  >&5
configure:2008: $? = 0
configure:2054: result: a.out
configure:2059: checking whether the C compiler works
configure:2085: result: yes
configure:2092: checking whether we are cross compiling
configure:2094: result: yes
configure:2097: checking for suffix of executables
configure:2099: arm-uclibc-linux-2.6.36-gcc -o conftest -Os -O2 -DBCMNVRAM -DBCMWPA2 -DRESTART_ALL_PROCESSES -D__CONFIG_USBAP__ -DBCMQOS -DBCMWPS -D__CONFIG_EMF__ -DTRAFFIC_MGMT_RSSI_POLICY -DPHYMON -DSUPPORT_REMOTE_HTTPS -DINCLUDE_WPS_V20 -DINCLUDE_5G_AUTO_CHANNEL -DOPENDNS_PARENTAL_CONTROL -DINCLUDE_ACCESSCONTROL -DINCLUDE_QUICK_QOS -DINCLUDE_UCP -DU12H270 -DR7000 -DMULTIPLE_SSID -DENABLE_ML -DOPEN_SOURCE_SUPPORT -DBCM53125 -DBCM5301X -DACS_INTF_DETECT_PATCH -DCONFIG_RUSSIA_IPTV -DVIDEO_STREAMING_QOS -DFBWIFI_FLAG -DDLNA -DHTTP_ACCESS_USB -DMAX_USB_ACCESS -DSAMBA_ENABLE -DUSB_NEW_SPEC -DINCLUDE_WIFI_BUTTON -DINCLUDE_USB_LED -DINCLUDE_DUAL_BAND -DSINGLE_FIRMWARE -DINCLUDE_GET_ST_CHKSUM -DUNIFIED_STR_TBL -DFIRST_MTD_ROTATION -DWIFI_ON_OFF_SCHE -DAUTO_CONN_24HR -DIGMP_PROXY -DAP_MODE -D__CONFIG_IGMP_SNOOPING__ -DLINUX26 -DINCLUDE_IPV6 -DPRESET_WL_SECURITY -DNEW_BCM_WPS_IPC -DSUPPORT_AC_MODE -DSTA_MODE -DPPP_RU_DESIGN -DEXT_ACS -DARP_PROTECTION -DBCM_DCS -DEXT_ACS -Os -DLINUX26 -DCONFIG_KERNEL_2_6_36 -s -Os -fPIC -I/home/edward/GPL/V1.0.3.28_1.1.22PRRU/ap/gpl/amule/wxWidgets-2.8.12/include  -L/home/edward/GPL/V1.0.3.28_1.1.22PRRU/ap/gpl/amule/wxWidgets-2.8.12/lib -L/home/edward/GPL/V1.0.3.28_1.1.22PRRU/ap/gpl/amule/libcryptoxx-5.6.0 conftest.c  >&5
configure:2102: $? = 0
configure:2127: result: 
configure:2133: checking for suffix of object files
configure:2180: result: o
configure:2184: checking whether we are using the GNU C compiler
configure:2231: result: yes
configure:2237: checking whether arm-uclibc-linux-2.6.36-gcc accepts -g
configure:2279: result: yes
configure:2296: checking for arm-uclibc-linux-2.6.36-gcc option to accept ANSI C
configure:2384: result: none needed
configure:2402: arm-uclibc-linux-2.6.36-gcc -c -Os -O2 -DBCMNVRAM -DBCMWPA2 -DRESTART_ALL_PROCESSES -D__CONFIG_USBAP__ -DBCMQOS -DBCMWPS -D__CONFIG_EMF__ -DTRAFFIC_MGMT_RSSI_POLICY -DPHYMON -DSUPPORT_REMOTE_HTTPS -DINCLUDE_WPS_V20 -DINCLUDE_5G_AUTO_CHANNEL -DOPENDNS_PARENTAL_CONTROL -DINCLUDE_ACCESSCONTROL -DINCLUDE_QUICK_QOS -DINCLUDE_UCP -DU12H270 -DR7000 -DMULTIPLE_SSID -DENABLE_ML -DOPEN_SOURCE_SUPPORT -DBCM53125 -DBCM5301X -DACS_INTF_DETECT_PATCH -DCONFIG_RUSSIA_IPTV -DVIDEO_STREAMING_QOS -DFBWIFI_FLAG -DDLNA -DHTTP_ACCESS_USB -DMAX_USB_ACCESS -DSAMBA_ENABLE -DUSB_NEW_SPEC -DINCLUDE_WIFI_BUTTON -DINCLUDE_USB_LED -DINCLUDE_DUAL_BAND -DSINGLE_FIRMWARE -DINCLUDE_GET_ST_CHKSUM -DUNIFIED_STR_TBL -DFIRST_MTD_ROTATION -DWIFI_ON_OFF_SCHE -DAUTO_CONN_24HR -DIGMP_PROXY -DAP_MODE -D__CONFIG_IGMP_SNOOPING__ -DLINUX26 -DINCLUDE_IPV6 -DPRESET_WL_SECURITY -DNEW_BCM_WPS_IPC -DSUPPORT_AC_MODE -DSTA_MODE -DPPP_RU_DESIGN -DEXT_ACS -DARP_PROTECTION -DBCM_DCS -DEXT_ACS -Os -DLINUX26 -DCONFIG_KERNEL_2_6_36 -s -Os -fPIC -I/home/edward/GPL/V1.0.3.28_1.1.22PRRU/ap/gpl/amule/wxWidgets-2.8.12/include  conftest.c >&5
conftest.c:2:9: error: expected '=', ',', ';', 'asm' or '__attribute__' before 'me'
configure:2405: $? = 1
configure: failed program was:
| #ifndef __cplusplus
|   choke me
| #endif
configure:2514: checking if the C compiler requires -ext o
configure:2536: arm-uclibc-linux-2.6.36-gcc -c -Os -O2 -DBCMNVRAM -DBCMWPA2 -DRESTART_ALL_PROCESSES -D__CONFIG_USBAP__ -DBCMQOS -DBCMWPS -D__CONFIG_EMF__ -DTRAFFIC_MGMT_RSSI_POLICY -DPHYMON -DSUPPORT_REMOTE_HTTPS -DINCLUDE_WPS_V20 -DINCLUDE_5G_AUTO_CHANNEL -DOPENDNS_PARENTAL_CONTROL -DINCLUDE_ACCESSCONTROL -DINCLUDE_QUICK_QOS -DINCLUDE_UCP -DU12H270 -DR7000 -DMULTIPLE_SSID -DENABLE_ML -DOPEN_SOURCE_SUPPORT -DBCM53125 -DBCM5301X -DACS_INTF_DETECT_PATCH -DCONFIG_RUSSIA_IPTV -DVIDEO_STREAMING_QOS -DFBWIFI_FLAG -DDLNA -DHTTP_ACCESS_USB -DMAX_USB_ACCESS -DSAMBA_ENABLE -DUSB_NEW_SPEC -DINCLUDE_WIFI_BUTTON -DINCLUDE_USB_LED -DINCLUDE_DUAL_BAND -DSINGLE_FIRMWARE -DINCLUDE_GET_ST_CHKSUM -DUNIFIED_STR_TBL -DFIRST_MTD_ROTATION -DWIFI_ON_OFF_SCHE -DAUTO_CONN_24HR -DIGMP_PROXY -DAP_MODE -D__CONFIG_IGMP_SNOOPING__ -DLINUX26 -DINCLUDE_IPV6 -DPRESET_WL_SECURITY -DNEW_BCM_WPS_IPC -DSUPPORT_AC_MODE -DSTA_MODE -DPPP_RU_DESIGN -DEXT_ACS -DARP_PROTECTION -DBCM_DCS -DEXT_ACS -Os -DLINUX26 -DCONFIG_KERNEL_2_6_36 -s -Os -fPIC -I/home/edward/GPL/V1.0.3.28_1.1.22PRRU/ap/gpl/amule/wxWidgets-2.8.12/include  conftest.c >&5
configure:2539: $? = 0
configure:2562: result: 
configure:2644: checking whether we are using the Metrowerks C compiler
configure:2669: arm-uclibc-linux-2.6.36-gcc -c -Os -O2 -DBCMNVRAM -DBCMWPA2 -DRESTART_ALL_PROCESSES -D__CONFIG_USBAP__ -DBCMQOS -DBCMWPS -D__CONFIG_EMF__ -DTRAFFIC_MGMT_RSSI_POLICY -DPHYMON -DSUPPORT_REMOTE_HTTPS -DINCLUDE_WPS_V20 -DINCLUDE_5G_AUTO_CHANNEL -DOPENDNS_PARENTAL_CONTROL -DINCLUDE_ACCESSCONTROL -DINCLUDE_QUICK_QOS -DINCLUDE_UCP -DU12H270 -DR7000 -DMULTIPLE_SSID -DENABLE_ML -DOPEN_SOURCE_SUPPORT -DBCM53125 -DBCM5301X -DACS_INTF_DETECT_PATCH -DCONFIG_RUSSIA_IPTV -DVIDEO_STREAMING_QOS -DFBWIFI_FLAG -DDLNA -DHTTP_ACCESS_USB -DMAX_USB_ACCESS -DSAMBA_ENABLE -DUSB_NEW_SPEC -DINCLUDE_WIFI_BUTTON -DINCLUDE_USB_LED -DINCLUDE_DUAL_BAND -DSINGLE_FIRMWARE -DINCLUDE_GET_ST_CHKSUM -DUNIFIED_STR_TBL -DFIRST_MTD_ROTATION -DWIFI_ON_OFF_SCHE -DAUTO_CONN_24HR -DIGMP_PROXY -DAP_MODE -D__CONFIG_IGMP_SNOOPING__ -DLINUX26 -DINCLUDE_IPV6 -DPRESET_WL_SECURITY -DNEW_BCM_WPS_IPC -DSUPPORT_AC_MODE -DSTA_MODE -DPPP_RU_DESIGN -DEXT_ACS -DARP_PROTECTION -DBCM_DCS -DEXT_ACS -Os -DLINUX26 -DCONFIG_KERNEL_2_6_36 -s -Os -fPIC -I/home/edward/GPL/V1.0.3.28_1.1.22PRRU/ap/gpl/amule/wxWidgets-2.8.12/include  conftest.c >&5
configure: In function 'main':
configure:2662:8: error: 'choke' undeclared (first use in this function)
configure:2662:8: note: each undeclared identifier is reported only once for each function it appears in
configure:2662:14: error: expected ';' before 'me'
configure:2672: $? = 1
configure: failed program was:
| #line 2649 "configure"
| /* confdefs.h.  */
| 
| #define PACKAGE_NAME ""
| #define PACKAGE_TARNAME ""
| #define PACKAGE_VERSION ""
| #define PACKAGE_STRING ""
| #define PACKAGE_BUGREPORT ""
| /* end confdefs.h.  */
| 
| int
| main ()
| {
| #ifndef __MWERKS__
|        choke me
| #endif
| 
|   ;
|   return 0;
| }
configure:2691: result: no
configure:2708: checking whether we are using the IBM xlC C compiler
configure:2733: arm-uclibc-linux-2.6.36-gcc -c -Os -O2 -DBCMNVRAM -DBCMWPA2 -DRESTART_ALL_PROCESSES -D__CONFIG_USBAP__ -DBCMQOS -DBCMWPS -D__CONFIG_EMF__ -DTRAFFIC_MGMT_RSSI_POLICY -DPHYMON -DSUPPORT_REMOTE_HTTPS -DINCLUDE_WPS_V20 -DINCLUDE_5G_AUTO_CHANNEL -DOPENDNS_PARENTAL_CONTROL -DINCLUDE_ACCESSCONTROL -DINCLUDE_QUICK_QOS -DINCLUDE_UCP -DU12H270 -DR7000 -DMULTIPLE_SSID -DENABLE_ML -DOPEN_SOURCE_SUPPORT -DBCM53125 -DBCM5301X -DACS_INTF_DETECT_PATCH -DCONFIG_RUSSIA_IPTV -DVIDEO_STREAMING_QOS -DFBWIFI_FLAG -DDLNA -DHTTP_ACCESS_USB -DMAX_USB_ACCESS -DSAMBA_ENABLE -DUSB_NEW_SPEC -DINCLUDE_WIFI_BUTTON -DINCLUDE_USB_LED -DINCLUDE_DUAL_BAND -DSINGLE_FIRMWARE -DINCLUDE_GET_ST_CHKSUM -DUNIFIED_STR_TBL -DFIRST_MTD_ROTATION -DWIFI_ON_OFF_SCHE -DAUTO_CONN_24HR -DIGMP_PROXY -DAP_MODE -D__CONFIG_IGMP_SNOOPING__ -DLINUX26 -DINCLUDE_IPV6 -DPRESET_WL_SECURITY -DNEW_BCM_WPS_IPC -DSUPPORT_AC_MODE -DSTA_MODE -DPPP_RU_DESIGN -DEXT_ACS -DARP_PROTECTION -DBCM_DCS -DEXT_ACS -Os -DLINUX26 -DCONFIG_KERNEL_2_6_36 -s -Os -fPIC -I/home/edward/GPL/V1.0.3.28_1.1.22PRRU/ap/gpl/amule/wxWidgets-2.8.12/include  conftest.c >&5
configure: In function 'main':
configure:2726:8: error: 'choke' undeclared (first use in this function)
configure:2726:8: note: each undeclared identifier is reported only once for each function it appears in
configure:2726:14: error: expected ';' before 'me'
configure:2736: $? = 1
configure: failed program was:
| #line 2713 "configure"
| /* confdefs.h.  */
| 
| #define PACKAGE_NAME ""
| #define PACKAGE_TARNAME ""
| #define PACKAGE_VERSION ""
| #define PACKAGE_STRING ""
| #define PACKAGE_BUGREPORT ""
| /* end confdefs.h.  */
| 
| int
| main ()
| {
| #ifndef __xlC__
|        choke me
| #endif
| 
|   ;
|   return 0;
| }
configure:2755: result: no
configure:2841: checking build system type
configure:2859: result: i386-pc-linux-gnu
configure:2867: checking host system type
configure:2881: result: arm-unknown-linux-gnu
configure:2911: checking for ld used by GCC
configure:2974: result: arm-uclibc-linux-2.6.36-ld
configure:2983: checking if the linker (arm-uclibc-linux-2.6.36-ld) is GNU ld
GNU ld (GNU Binutils) 2.21.1
configure:2995: result: yes
configure:3000: checking for arm-uclibc-linux-2.6.36-ld option to reload object files
configure:3007: result: -r
configure:3012: checking for BSD-compatible nm
configure:3048: result: arm-uclibc-linux-2.6.36-nm
configure:3051: checking whether ln -s works
configure:3055: result: yes
configure:3062: checking how to recognise dependant libraries
configure:3240: result: file_magic ELF [0-9][0-9]*-bit [LM]SB (shared object|dynamic lib )
configure:3252: checking command to parse arm-uclibc-linux-2.6.36-nm output
configure:3333: arm-uclibc-linux-2.6.36-gcc -c -Os -O2 -DBCMNVRAM -DBCMWPA2 -DRESTART_ALL_PROCESSES -D__CONFIG_USBAP__ -DBCMQOS -DBCMWPS -D__CONFIG_EMF__ -DTRAFFIC_MGMT_RSSI_POLICY -DPHYMON -DSUPPORT_REMOTE_HTTPS -DINCLUDE_WPS_V20 -DINCLUDE_5G_AUTO_CHANNEL -DOPENDNS_PARENTAL_CONTROL -DINCLUDE_ACCESSCONTROL -DINCLUDE_QUICK_QOS -DINCLUDE_UCP -DU12H270 -DR7000 -DMULTIPLE_SSID -DENABLE_ML -DOPEN_SOURCE_SUPPORT -DBCM53125 -DBCM5301X -DACS_INTF_DETECT_PATCH -DCONFIG_RUSSIA_IPTV -DVIDEO_STREAMING_QOS -DFBWIFI_FLAG -DDLNA -DHTTP_ACCESS_USB -DMAX_USB_ACCESS -DSAMBA_ENABLE -DUSB_NEW_SPEC -DINCLUDE_WIFI_BUTTON -DINCLUDE_USB_LED -DINCLUDE_DUAL_BAND -DSINGLE_FIRMWARE -DINCLUDE_GET_ST_CHKSUM -DUNIFIED_STR_TBL -DFIRST_MTD_ROTATION -DWIFI_ON_OFF_SCHE -DAUTO_CONN_24HR -DIGMP_PROXY -DAP_MODE -D__CONFIG_IGMP_SNOOPING__ -DLINUX26 -DINCLUDE_IPV6 -DPRESET_WL_SECURITY -DNEW_BCM_WPS_IPC -DSUPPORT_AC_MODE -DSTA_MODE -DPPP_RU_DESIGN -DEXT_ACS -DARP_PROTECTION -DBCM_DCS -DEXT_ACS -Os -DLINUX26 -DCONFIG_KERNEL_2_6_36 -s -Os -fPIC -I/home/edward/GPL/V1.0.3.28_1.1.22PRRU/ap/gpl/amule/wxWidgets-2.8.12/include  conftest.c >&5
configure:3336: $? = 0
configure:3340: arm-uclibc-linux-2.6.36-nm conftest.o \| sed -n -e 's/^.*[ 	]\([ABCDGISTW][ABCDGISTW]*\)[ 	][ 	]*\(\)\([_A-Za-z][_A-Za-z0-9]*\)$/\1 \2\3 \3/p' \> conftest.nm
configure:3343: $? = 0
configure:3395: arm-uclibc-linux-2.6.36-gcc -o conftest -Os -O2 -DBCMNVRAM -DBCMWPA2 -DRESTART_ALL_PROCESSES -D__CONFIG_USBAP__ -DBCMQOS -DBCMWPS -D__CONFIG_EMF__ -DTRAFFIC_MGMT_RSSI_POLICY -DPHYMON -DSUPPORT_REMOTE_HTTPS -DINCLUDE_WPS_V20 -DINCLUDE_5G_AUTO_CHANNEL -DOPENDNS_PARENTAL_CONTROL -DINCLUDE_ACCESSCONTROL -DINCLUDE_QUICK_QOS -DINCLUDE_UCP -DU12H270 -DR7000 -DMULTIPLE_SSID -DENABLE_ML -DOPEN_SOURCE_SUPPORT -DBCM53125 -DBCM5301X -DACS_INTF_DETECT_PATCH -DCONFIG_RUSSIA_IPTV -DVIDEO_STREAMING_QOS -DFBWIFI_FLAG -DDLNA -DHTTP_ACCESS_USB -DMAX_USB_ACCESS -DSAMBA_ENABLE -DUSB_NEW_SPEC -DINCLUDE_WIFI_BUTTON -DINCLUDE_USB_LED -DINCLUDE_DUAL_BAND -DSINGLE_FIRMWARE -DINCLUDE_GET_ST_CHKSUM -DUNIFIED_STR_TBL -DFIRST_MTD_ROTATION -DWIFI_ON_OFF_SCHE -DAUTO_CONN_24HR -DIGMP_PROXY -DAP_MODE -D__CONFIG_IGMP_SNOOPING__ -DLINUX26 -DINCLUDE_IPV6 -DPRESET_WL_SECURITY -DNEW_BCM_WPS_IPC -DSUPPORT_AC_MODE -DSTA_MODE -DPPP_RU_DESIGN -DEXT_ACS -DARP_PROTECTION -DBCM_DCS -DEXT_ACS -Os -DLINUX26 -DCONFIG_KERNEL_2_6_36 -s -Os -fPIC -I/home/edward/GPL/V1.0.3.28_1.1.22PRRU/ap/gpl/amule/wxWidgets-2.8.12/include  -L/home/edward/GPL/V1.0.3.28_1.1.22PRRU/ap/gpl/amule/wxWidgets-2.8.12/lib -L/home/edward/GPL/V1.0.3.28_1.1.22PRRU/ap/gpl/amule/libcryptoxx-5.6.0 conftest.c conftstm.o >&5
configure:3398: $? = 0
configure:3442: result: ok
configure:3451: checking how to run the C preprocessor
configure:3569: result: arm-uclibc-linux-2.6.36-gcc -E
configure:3594: arm-uclibc-linux-2.6.36-gcc -E  conftest.c
configure:3600: $? = 0
configure:3632: arm-uclibc-linux-2.6.36-gcc -E  conftest.c
configure:3631:28: fatal error: ac_nonexistent.h: No such file or directory
compilation terminated.
configure:3638: $? = 1
configure: failed program was:
| #line 3623 "configure"
| /* confdefs.h.  */
| 
| #define PACKAGE_NAME ""
| #define PACKAGE_TARNAME ""
| #define PACKAGE_VERSION ""
| #define PACKAGE_STRING ""
| #define PACKAGE_BUGREPORT ""
| /* end confdefs.h.  */
| #include <ac_nonexistent.h>
configure:3681: checking for egrep
configure:3691: result: grep -E
configure:3696: checking for ANSI C header files
configure:3846: result: yes
configure:3870: checking for sys/types.h
configure:3907: result: yes
configure:3870: checking for sys/stat.h
configure:3907: result: yes
configure:3870: checking for stdlib.h
configure:3907: result: yes
configure:3870: checking for string.h
configure:3907: result: yes
configure:3870: checking for memory.h
configure:3907: result: yes
configure:3870: checking for strings.h
configure:3907: result: yes
configure:3870: checking for inttypes.h
configure:3907: result: yes
configure:3870: checking for stdint.h
configure:3907: result: yes
configure:3870: checking for unistd.h
configure:3907: result: yes
configure:3933: checking dlfcn.h usability
configure:3946: arm-uclibc-linux-2.6.36-gcc -c -Os -O2 -DBCMNVRAM -DBCMWPA2 -DRESTART_ALL_PROCESSES -D__CONFIG_USBAP__ -DBCMQOS -DBCMWPS -D__CONFIG_EMF__ -DTRAFFIC_MGMT_RSSI_POLICY -DPHYMON -DSUPPORT_REMOTE_HTTPS -DINCLUDE_WPS_V20 -DINCLUDE_5G_AUTO_CHANNEL -DOPENDNS_PARENTAL_CONTROL -DINCLUDE_ACCESSCONTROL -DINCLUDE_QUICK_QOS -DINCLUDE_UCP -DU12H270 -DR7000 -DMULTIPLE_SSID -DENABLE_ML -DOPEN_SOURCE_SUPPORT -DBCM53125 -DBCM5301X -DACS_INTF_DETECT_PATCH -DCONFIG_RUSSIA_IPTV -DVIDEO_STREAMING_QOS -DFBWIFI_FLAG -DDLNA -DHTTP_ACCESS_USB -DMAX_USB_ACCESS -DSAMBA_ENABLE -DUSB_NEW_SPEC -DINCLUDE_WIFI_BUTTON -DINCLUDE_USB_LED -DINCLUDE_DUAL_BAND -DSINGLE_FIRMWARE -DINCLUDE_GET_ST_CHKSUM -DUNIFIED_STR_TBL -DFIRST_MTD_ROTATION -DWIFI_ON_OFF_SCHE -DAUTO_CONN_24HR -DIGMP_PROXY -DAP_MODE -D__CONFIG_IGMP_SNOOPING__ -DLINUX26 -DINCLUDE_IPV6 -DPRESET_WL_SECURITY -DNEW_BCM_WPS_IPC -DSUPPORT_AC_MODE -DSTA_MODE -DPPP_RU_DESIGN -DEXT_ACS -DARP_PROTECTION -DBCM_DCS -DEXT_ACS -Os -DLINUX26 -DCONFIG_KERNEL_2_6_36 -s -Os -fPIC -I/home/edward/GPL/V1.0.3.28_1.1.22PRRU/ap/gpl/amule/wxWidgets-2.8.12/include  conftest.c >&5
configure:3949: $? = 0
configure:3952: test -s conftest.o
configure:3955: $? = 0
configure:3965: result: yes
configure:3969: checking dlfcn.h presence
configure:3980: arm-uclibc-linux-2.6.36-gcc -E  conftest.c
configure:3986: $? = 0
configure:4005: result: yes
configure:4041: checking for dlfcn.h
configure:4048: result: yes
configure:4069: checking for arm-linux-file
configure:4127: result: no
configure:4133: checking for file
configure:4188: result: /usr/bin/file
configure:4207: checking for arm-linux-ranlib
configure:4233: result: arm-uclibc-linux-2.6.36-ranlib
configure:4287: checking for arm-linux-strip
configure:4313: result: arm-uclibc-linux-2.6.36-strip
configure:4564: checking for objdir
configure:4575: result: .libs
configure:4596: checking for arm-uclibc-linux-2.6.36-gcc option to produce PIC
configure:4746: result: -fPIC
configure:4750: checking if arm-uclibc-linux-2.6.36-gcc PIC flag -fPIC works
configure:4774: arm-uclibc-linux-2.6.36-gcc -c -Os -O2 -DBCMNVRAM -DBCMWPA2 -DRESTART_ALL_PROCESSES -D__CONFIG_USBAP__ -DBCMQOS -DBCMWPS -D__CONFIG_EMF__ -DTRAFFIC_MGMT_RSSI_POLICY -DPHYMON -DSUPPORT_REMOTE_HTTPS -DINCLUDE_WPS_V20 -DINCLUDE_5G_AUTO_CHANNEL -DOPENDNS_PARENTAL_CONTROL -DINCLUDE_ACCESSCONTROL -DINCLUDE_QUICK_QOS -DINCLUDE_UCP -DU12H270 -DR7000 -DMULTIPLE_SSID -DENABLE_ML -DOPEN_SOURCE_SUPPORT -DBCM53125 -DBCM5301X -DACS_INTF_DETECT_PATCH -DCONFIG_RUSSIA_IPTV -DVIDEO_STREAMING_QOS -DFBWIFI_FLAG -DDLNA -DHTTP_ACCESS_USB -DMAX_USB_ACCESS -DSAMBA_ENABLE -DUSB_NEW_SPEC -DINCLUDE_WIFI_BUTTON -DINCLUDE_USB_LED -DINCLUDE_DUAL_BAND -DSINGLE_FIRMWARE -DINCLUDE_GET_ST_CHKSUM -DUNIFIED_STR_TBL -DFIRST_MTD_ROTATION -DWIFI_ON_OFF_SCHE -DAUTO_CONN_24HR -DIGMP_PROXY -DAP_MODE -D__CONFIG_IGMP_SNOOPING__ -DLINUX26 -DINCLUDE_IPV6 -DPRESET_WL_SECURITY -DNEW_BCM_WPS_IPC -DSUPPORT_AC_MODE -DSTA_MODE -DPPP_RU_DESIGN -DEXT_ACS -DARP_PROTECTION -DBCM_DCS -DEXT_ACS -Os -DLINUX26 -DCONFIG_KERNEL_2_6_36 -s -Os -fPIC -I/home/edward/GPL/V1.0.3.28_1.1.22PRRU/ap/gpl/amule/wxWidgets-2.8.12/include -fPIC -DPIC  conftest.c >&5
configure:4777: $? = 0
configure:4780: test -s conftest.o
configure:4783: $? = 0
configure:4821: result: yes
configure:4841: checking if arm-uclibc-linux-2.6.36-gcc static flag -static works
configure:4866: arm-uclibc-linux-2.6.36-gcc -o conftest -Os -O2 -DBCMNVRAM -DBCMWPA2 -DRESTART_ALL_PROCESSES -D__CONFIG_USBAP__ -DBCMQOS -DBCMWPS -D__CONFIG_EMF__ -DTRAFFIC_MGMT_RSSI_POLICY -DPHYMON -DSUPPORT_REMOTE_HTTPS -DINCLUDE_WPS_V20 -DINCLUDE_5G_AUTO_CHANNEL -DOPENDNS_PARENTAL_CONTROL -DINCLUDE_ACCESSCONTROL -DINCLUDE_QUICK_QOS -DINCLUDE_UCP -DU12H270 -DR7000 -DMULTIPLE_SSID -DENABLE_ML -DOPEN_SOURCE_SUPPORT -DBCM53125 -DBCM5301X -DACS_INTF_DETECT_PATCH -DCONFIG_RUSSIA_IPTV -DVIDEO_STREAMING_QOS -DFBWIFI_FLAG -DDLNA -DHTTP_ACCESS_USB -DMAX_USB_ACCESS -DSAMBA_ENABLE -DUSB_NEW_SPEC -DINCLUDE_WIFI_BUTTON -DINCLUDE_USB_LED -DINCLUDE_DUAL_BAND -DSINGLE_FIRMWARE -DINCLUDE_GET_ST_CHKSUM -DUNIFIED_STR_TBL -DFIRST_MTD_ROTATION -DWIFI_ON_OFF_SCHE -DAUTO_CONN_24HR -DIGMP_PROXY -DAP_MODE -D__CONFIG_IGMP_SNOOPING__ -DLINUX26 -DINCLUDE_IPV6 -DPRESET_WL_SECURITY -DNEW_BCM_WPS_IPC -DSUPPORT_AC_MODE -DSTA_MODE -DPPP_RU_DESIGN -DEXT_ACS -DARP_PROTECTION -DBCM_DCS -DEXT_ACS -Os -DLINUX26 -DCONFIG_KERNEL_2_6_36 -s -Os -fPIC -I/home/edward/GPL/V1.0.3.28_1.1.22PRRU/ap/gpl/amule/wxWidgets-2.8.12/include  -L/home/edward/GPL/V1.0.3.28_1.1.22PRRU/ap/gpl/amule/wxWidgets-2.8.12/lib -L/home/edward/GPL/V1.0.3.28_1.1.22PRRU/ap/gpl/amule/libcryptoxx-5.6.0 -static conftest.c  >&5
configure:4869: $? = 0
configure:4872: test -s conftest
configure:4875: $? = 0
configure:4891: result: yes
configure:4907: checking if arm-uclibc-linux-2.6.36-gcc supports -c -o file.o
configure:4927: arm-uclibc-linux-2.6.36-gcc -c -Os -O2 -DBCMNVRAM -DBCMWPA2 -DRESTART_ALL_PROCESSES -D__CONFIG_USBAP__ -DBCMQOS -DBCMWPS -D__CONFIG_EMF__ -DTRAFFIC_MGMT_RSSI_POLICY -DPHYMON -DSUPPORT_REMOTE_HTTPS -DINCLUDE_WPS_V20 -DINCLUDE_5G_AUTO_CHANNEL -DOPENDNS_PARENTAL_CONTROL -DINCLUDE_ACCESSCONTROL -DINCLUDE_QUICK_QOS -DINCLUDE_UCP -DU12H270 -DR7000 -DMULTIPLE_SSID -DENABLE_ML -DOPEN_SOURCE_SUPPORT -DBCM53125 -DBCM5301X -DACS_INTF_DETECT_PATCH -DCONFIG_RUSSIA_IPTV -DVIDEO_STREAMING_QOS -DFBWIFI_FLAG -DDLNA -DHTTP_ACCESS_USB -DMAX_USB_ACCESS -DSAMBA_ENABLE -DUSB_NEW_SPEC -DINCLUDE_WIFI_BUTTON -DINCLUDE_USB_LED -DINCLUDE_DUAL_BAND -DSINGLE_FIRMWARE -DINCLUDE_GET_ST_CHKSUM -DUNIFIED_STR_TBL -DFIRST_MTD_ROTATION -DWIFI_ON_OFF_SCHE -DAUTO_CONN_24HR -DIGMP_PROXY -DAP_MODE -D__CONFIG_IGMP_SNOOPING__ -DLINUX26 -DINCLUDE_IPV6 -DPRESET_WL_SECURITY -DNEW_BCM_WPS_IPC -DSUPPORT_AC_MODE -DSTA_MODE -DPPP_RU_DESIGN -DEXT_ACS -DARP_PROTECTION -DBCM_DCS -DEXT_ACS -Os -DLINUX26 -DCONFIG_KERNEL_2_6_36 -s -Os -fPIC -I/home/edward/GPL/V1.0.3.28_1.1.22PRRU/ap/gpl/amule/wxWidgets-2.8.12/include -o out/conftest2.o  conftest.c >&5
configure:4951: result: yes
configure:4956: checking if arm-uclibc-linux-2.6.36-gcc supports -c -o file.lo
configure:4984: arm-uclibc-linux-2.6.36-gcc -c -Os -O2 -DBCMNVRAM -DBCMWPA2 -DRESTART_ALL_PROCESSES -D__CONFIG_USBAP__ -DBCMQOS -DBCMWPS -D__CONFIG_EMF__ -DTRAFFIC_MGMT_RSSI_POLICY -DPHYMON -DSUPPORT_REMOTE_HTTPS -DINCLUDE_WPS_V20 -DINCLUDE_5G_AUTO_CHANNEL -DOPENDNS_PARENTAL_CONTROL -DINCLUDE_ACCESSCONTROL -DINCLUDE_QUICK_QOS -DINCLUDE_UCP -DU12H270 -DR7000 -DMULTIPLE_SSID -DENABLE_ML -DOPEN_SOURCE_SUPPORT -DBCM53125 -DBCM5301X -DACS_INTF_DETECT_PATCH -DCONFIG_RUSSIA_IPTV -DVIDEO_STREAMING_QOS -DFBWIFI_FLAG -DDLNA -DHTTP_ACCESS_USB -DMAX_USB_ACCESS -DSAMBA_ENABLE -DUSB_NEW_SPEC -DINCLUDE_WIFI_BUTTON -DINCLUDE_USB_LED -DINCLUDE_DUAL_BAND -DSINGLE_FIRMWARE -DINCLUDE_GET_ST_CHKSUM -DUNIFIED_STR_TBL -DFIRST_MTD_ROTATION -DWIFI_ON_OFF_SCHE -DAUTO_CONN_24HR -DIGMP_PROXY -DAP_MODE -D__CONFIG_IGMP_SNOOPING__ -DLINUX26 -DINCLUDE_IPV6 -DPRESET_WL_SECURITY -DNEW_BCM_WPS_IPC -DSUPPORT_AC_MODE -DSTA_MODE -DPPP_RU_DESIGN -DEXT_ACS -DARP_PROTECTION -DBCM_DCS -DEXT_ACS -Os -DLINUX26 -DCONFIG_KERNEL_2_6_36 -s -Os -fPIC -I/home/edward/GPL/V1.0.3.28_1.1.22PRRU/ap/gpl/amule/wxWidgets-2.8.12/include -c -o conftest.lo  conftest.c >&5
configure:4987: $? = 0
configure:4990: test -s conftest.lo
configure:4993: $? = 0
configure:5015: result: yes
configure:5054: checking if arm-uclibc-linux-2.6.36-gcc supports -fno-rtti -fno-exceptions
configure:5077: arm-uclibc-linux-2.6.36-gcc -c -Os -O2 -DBCMNVRAM -DBCMWPA2 -DRESTART_ALL_PROCESSES -D__CONFIG_USBAP__ -DBCMQOS -DBCMWPS -D__CONFIG_EMF__ -DTRAFFIC_MGMT_RSSI_POLICY -DPHYMON -DSUPPORT_REMOTE_HTTPS -DINCLUDE_WPS_V20 -DINCLUDE_5G_AUTO_CHANNEL -DOPENDNS_PARENTAL_CONTROL -DINCLUDE_ACCESSCONTROL -DINCLUDE_QUICK_QOS -DINCLUDE_UCP -DU12H270 -DR7000 -DMULTIPLE_SSID -DENABLE_ML -DOPEN_SOURCE_SUPPORT -DBCM53125 -DBCM5301X -DACS_INTF_DETECT_PATCH -DCONFIG_RUSSIA_IPTV -DVIDEO_STREAMING_QOS -DFBWIFI_FLAG -DDLNA -DHTTP_ACCESS_USB -DMAX_USB_ACCESS -DSAMBA_ENABLE -DUSB_NEW_SPEC -DINCLUDE_WIFI_BUTTON -DINCLUDE_USB_LED -DINCLUDE_DUAL_BAND -DSINGLE_FIRMWARE -DINCLUDE_GET_ST_CHKSUM -DUNIFIED_STR_TBL -DFIRST_MTD_ROTATION -DWIFI_ON_OFF_SCHE -DAUTO_CONN_24HR -DIGMP_PROXY -DAP_MODE -D__CONFIG_IGMP_SNOOPING__ -DLINUX26 -DINCLUDE_IPV6 -DPRESET_WL_SECURITY -DNEW_BCM_WPS_IPC -DSUPPORT_AC_MODE -DSTA_MODE -DPPP_RU_DESIGN -DEXT_ACS -DARP_PROTECTION -DBCM_DCS -DEXT_ACS -Os -DLINUX26 -DCONFIG_KERNEL_2_6_36 -s -Os -fPIC -I/home/edward/GPL/V1.0.3.28_1.1.22PRRU/ap/gpl/amule/wxWidgets-2.8.12/include -fno-rtti -fno-exceptions -c conftest.c  conftest.c >&5
cc1: warning: command line option "-fno-rtti" is valid for C++/ObjC++ but not for C
cc1: warning: command line option "-fno-rtti" is valid for C++/ObjC++ but not for C
configure:5080: $? = 0
configure:5083: test -s conftest.o
configure:5086: $? = 0
configure:5103: result: yes
configure:5118: checking whether the linker (arm-uclibc-linux-2.6.36-ld) supports shared libraries
configure:5798: result: yes
configure:5807: checking how to hardcode library paths into programs
configure:5831: result: immediate
configure:5840: checking whether stripping libraries is possible
configure:5845: result: yes
configure:5860: checking dynamic linker characteristics
configure:6253: result: GNU/Linux ld.so
configure:6262: checking if libtool supports shared libraries
configure:6264: result: yes
configure:6271: checking whether to build shared libraries
configure:6292: result: yes
configure:6299: checking whether to build static libraries
configure:6303: result: yes
configure:6981: checking whether -lc should be explicitly linked in
configure:6989: arm-uclibc-linux-2.6.36-gcc -c -Os -O2 -DBCMNVRAM -DBCMWPA2 -DRESTART_ALL_PROCESSES -D__CONFIG_USBAP__ -DBCMQOS -DBCMWPS -D__CONFIG_EMF__ -DTRAFFIC_MGMT_RSSI_POLICY -DPHYMON -DSUPPORT_REMOTE_HTTPS -DINCLUDE_WPS_V20 -DINCLUDE_5G_AUTO_CHANNEL -DOPENDNS_PARENTAL_CONTROL -DINCLUDE_ACCESSCONTROL -DINCLUDE_QUICK_QOS -DINCLUDE_UCP -DU12H270 -DR7000 -DMULTIPLE_SSID -DENABLE_ML -DOPEN_SOURCE_SUPPORT -DBCM53125 -DBCM5301X -DACS_INTF_DETECT_PATCH -DCONFIG_RUSSIA_IPTV -DVIDEO_STREAMING_QOS -DFBWIFI_FLAG -DDLNA -DHTTP_ACCESS_USB -DMAX_USB_ACCESS -DSAMBA_ENABLE -DUSB_NEW_SPEC -DINCLUDE_WIFI_BUTTON -DINCLUDE_USB_LED -DINCLUDE_DUAL_BAND -DSINGLE_FIRMWARE -DINCLUDE_GET_ST_CHKSUM -DUNIFIED_STR_TBL -DFIRST_MTD_ROTATION -DWIFI_ON_OFF_SCHE -DAUTO_CONN_24HR -DIGMP_PROXY -DAP_MODE -D__CONFIG_IGMP_SNOOPING__ -DLINUX26 -DINCLUDE_IPV6 -DPRESET_WL_SECURITY -DNEW_BCM_WPS_IPC -DSUPPORT_AC_MODE -DSTA_MODE -DPPP_RU_DESIGN -DEXT_ACS -DARP_PROTECTION -DBCM_DCS -DEXT_ACS -Os -DLINUX26 -DCONFIG_KERNEL_2_6_36 -s -Os -fPIC -I/home/edward/GPL/V1.0.3.28_1.1.22PRRU/ap/gpl/amule/wxWidgets-2.8.12/include  conftest.c >&5
configure:6992: $? = 0
configure:7006: arm-uclibc-linux-2.6.36-gcc -shared conftest.o  -v -Wl,-soname -Wl,conftest -o conftest 2\>\&1 \| grep  -lc  \>/dev/null 2\>\&1
configure:7009: $? = 0
configure:7022: result: no
configure:7615: checking for a BSD-compatible install
configure:7669: result: /usr/bin/install -c
configure:7684: checking whether gcc accepts -fexceptions
configure:7703: arm-uclibc-linux-2.6.36-gcc -c -Os -O2 -DBCMNVRAM -DBCMWPA2 -DRESTART_ALL_PROCESSES -D__CONFIG_USBAP__ -DBCMQOS -DBCMWPS -D__CONFIG_EMF__ -DTRAFFIC_MGMT_RSSI_POLICY -DPHYMON -DSUPPORT_REMOTE_HTTPS -DINCLUDE_WPS_V20 -DINCLUDE_5G_AUTO_CHANNEL -DOPENDNS_PARENTAL_CONTROL -DINCLUDE_ACCESSCONTROL -DINCLUDE_QUICK_QOS -DINCLUDE_UCP -DU12H270 -DR7000 -DMULTIPLE_SSID -DENABLE_ML -DOPEN_SOURCE_SUPPORT -DBCM53125 -DBCM5301X -DACS_INTF_DETECT_PATCH -DCONFIG_RUSSIA_IPTV -DVIDEO_STREAMING_QOS -DFBWIFI_FLAG -DDLNA -DHTTP_ACCESS_USB -DMAX_USB_ACCESS -DSAMBA_ENABLE -DUSB_NEW_SPEC -DINCLUDE_WIFI_BUTTON -DINCLUDE_USB_LED -DINCLUDE_DUAL_BAND -DSINGLE_FIRMWARE -DINCLUDE_GET_ST_CHKSUM -DUNIFIED_STR_TBL -DFIRST_MTD_ROTATION -DWIFI_ON_OFF_SCHE -DAUTO_CONN_24HR -DIGMP_PROXY -DAP_MODE -D__CONFIG_IGMP_SNOOPING__ -DLINUX26 -DINCLUDE_IPV6 -DPRESET_WL_SECURITY -DNEW_BCM_WPS_IPC -DSUPPORT_AC_MODE -DSTA_MODE -DPPP_RU_DESIGN -DEXT_ACS -DARP_PROTECTION -DBCM_DCS -DEXT_ACS -Os -DLINUX26 -DCONFIG_KERNEL_2_6_36 -s -Os -fPIC -I/home/edward/GPL/V1.0.3.28_1.1.22PRRU/ap/gpl/amule/wxWidgets-2.8.12/include -Wall -Wmissing-prototypes -Wstrict-prototypes -fexceptions  conftest.c >&5
configure:7707:1: warning: function declaration isn't a prototype
configure:7706: $? = 0
configure:7709: test -s conftest.o
configure:7712: $? = 0
configure:7714: result: yes
configure:7726: checking for ANSI C header files
configure:7876: result: yes
configure:7901: checking fcntl.h usability
configure:7914: arm-uclibc-linux-2.6.36-gcc -c -Os -O2 -DBCMNVRAM -DBCMWPA2 -DRESTART_ALL_PROCESSES -D__CONFIG_USBAP__ -DBCMQOS -DBCMWPS -D__CONFIG_EMF__ -DTRAFFIC_MGMT_RSSI_POLICY -DPHYMON -DSUPPORT_REMOTE_HTTPS -DINCLUDE_WPS_V20 -DINCLUDE_5G_AUTO_CHANNEL -DOPENDNS_PARENTAL_CONTROL -DINCLUDE_ACCESSCONTROL -DINCLUDE_QUICK_QOS -DINCLUDE_UCP -DU12H270 -DR7000 -DMULTIPLE_SSID -DENABLE_ML -DOPEN_SOURCE_SUPPORT -DBCM53125 -DBCM5301X -DACS_INTF_DETECT_PATCH -DCONFIG_RUSSIA_IPTV -DVIDEO_STREAMING_QOS -DFBWIFI_FLAG -DDLNA -DHTTP_ACCESS_USB -DMAX_USB_ACCESS -DSAMBA_ENABLE -DUSB_NEW_SPEC -DINCLUDE_WIFI_BUTTON -DINCLUDE_USB_LED -DINCLUDE_DUAL_BAND -DSINGLE_FIRMWARE -DINCLUDE_GET_ST_CHKSUM -DUNIFIED_STR_TBL -DFIRST_MTD_ROTATION -DWIFI_ON_OFF_SCHE -DAUTO_CONN_24HR -DIGMP_PROXY -DAP_MODE -D__CONFIG_IGMP_SNOOPING__ -DLINUX26 -DINCLUDE_IPV6 -DPRESET_WL_SECURITY -DNEW_BCM_WPS_IPC -DSUPPORT_AC_MODE -DSTA_MODE -DPPP_RU_DESIGN -DEXT_ACS -DARP_PROTECTION -DBCM_DCS -DEXT_ACS -Os -DLINUX26 -DCONFIG_KERNEL_2_6_36 -s -Os -fPIC -I/home/edward/GPL/V1.0.3.28_1.1.22PRRU/ap/gpl/amule/wxWidgets-2.8.12/include -Wall -Wmissing-prototypes -Wstrict-prototypes -fexceptions  conftest.c >&5
configure:7917: $? = 0
configure:7920: test -s conftest.o
configure:7923: $? = 0
configure:7933: result: yes
configure:7937: checking fcntl.h presence
configure:7948: arm-uclibc-linux-2.6.36-gcc -E  conftest.c
configure:7954: $? = 0
configure:7973: result: yes
configure:8009: checking for fcntl.h
configure:8016: result: yes
configure:7892: checking for unistd.h
configure:7897: result: yes
configure:8031: checking whether byte ordering is bigendian
configure:8163: result: no
configure:8220: checking for an ANSI C-conforming const
configure:8308: result: yes
configure:8318: checking for off_t
configure:8363: result: yes
configure:8375: checking for size_t
configure:8420: result: yes
configure:8434: checking for working memcmp
configure:8505: result: no
configure:8515: checking for stdlib.h
configure:8520: result: yes
configure:8515: checking for unistd.h
configure:8520: result: yes
configure:8656: checking for getpagesize
configure:8706: arm-uclibc-linux-2.6.36-gcc -o conftest -Os -O2 -DBCMNVRAM -DBCMWPA2 -DRESTART_ALL_PROCESSES -D__CONFIG_USBAP__ -DBCMQOS -DBCMWPS -D__CONFIG_EMF__ -DTRAFFIC_MGMT_RSSI_POLICY -DPHYMON -DSUPPORT_REMOTE_HTTPS -DINCLUDE_WPS_V20 -DINCLUDE_5G_AUTO_CHANNEL -DOPENDNS_PARENTAL_CONTROL -DINCLUDE_ACCESSCONTROL -DINCLUDE_QUICK_QOS -DINCLUDE_UCP -DU12H270 -DR7000 -DMULTIPLE_SSID -DENABLE_ML -DOPEN_SOURCE_SUPPORT -DBCM53125 -DBCM5301X -DACS_INTF_DETECT_PATCH -DCONFIG_RUSSIA_IPTV -DVIDEO_STREAMING_QOS -DFBWIFI_FLAG -DDLNA -DHTTP_ACCESS_USB -DMAX_USB_ACCESS -DSAMBA_ENABLE -DUSB_NEW_SPEC -DINCLUDE_WIFI_BUTTON -DINCLUDE_USB_LED -DINCLUDE_DUAL_BAND -DSINGLE_FIRMWARE -DINCLUDE_GET_ST_CHKSUM -DUNIFIED_STR_TBL -DFIRST_MTD_ROTATION -DWIFI_ON_OFF_SCHE -DAUTO_CONN_24HR -DIGMP_PROXY -DAP_MODE -D__CONFIG_IGMP_SNOOPING__ -DLINUX26 -DINCLUDE_IPV6 -DPRESET_WL_SECURITY -DNEW_BCM_WPS_IPC -DSUPPORT_AC_MODE -DSTA_MODE -DPPP_RU_DESIGN -DEXT_ACS -DARP_PROTECTION -DBCM_DCS -DEXT_ACS -Os -DLINUX26 -DCONFIG_KERNEL_2_6_36 -s -Os -fPIC -I/home/edward/GPL/V1.0.3.28_1.1.22PRRU/ap/gpl/amule/wxWidgets-2.8.12/include -Wall -Wmissing-prototypes -Wstrict-prototypes -fexceptions  -L/home/edward/GPL/V1.0.3.28_1.1.22PRRU/ap/gpl/amule/wxWidgets-2.8.12/lib -L/home/edward/GPL/V1.0.3.28_1.1.22PRRU/ap/gpl/amule/libcryptoxx-5.6.0 conftest.c  >&5
configure:8702:1: warning: function declaration isn't a prototype
configure:8709:1: warning: function declaration isn't a prototype
configure:8716:1: warning: function declaration isn't a prototype
configure:8709: $? = 0
configure:8712: test -s conftest
configure:8715: $? = 0
configure:8726: result: yes
configure:8736: checking for working mmap
configure:8901: result: no
configure:8925: checking for memmove
configure:8975: arm-uclibc-linux-2.6.36-gcc -o conftest -Os -O2 -DBCMNVRAM -DBCMWPA2 -DRESTART_ALL_PROCESSES -D__CONFIG_USBAP__ -DBCMQOS -DBCMWPS -D__CONFIG_EMF__ -DTRAFFIC_MGMT_RSSI_POLICY -DPHYMON -DSUPPORT_REMOTE_HTTPS -DINCLUDE_WPS_V20 -DINCLUDE_5G_AUTO_CHANNEL -DOPENDNS_PARENTAL_CONTROL -DINCLUDE_ACCESSCONTROL -DINCLUDE_QUICK_QOS -DINCLUDE_UCP -DU12H270 -DR7000 -DMULTIPLE_SSID -DENABLE_ML -DOPEN_SOURCE_SUPPORT -DBCM53125 -DBCM5301X -DACS_INTF_DETECT_PATCH -DCONFIG_RUSSIA_IPTV -DVIDEO_STREAMING_QOS -DFBWIFI_FLAG -DDLNA -DHTTP_ACCESS_USB -DMAX_USB_ACCESS -DSAMBA_ENABLE -DUSB_NEW_SPEC -DINCLUDE_WIFI_BUTTON -DINCLUDE_USB_LED -DINCLUDE_DUAL_BAND -DSINGLE_FIRMWARE -DINCLUDE_GET_ST_CHKSUM -DUNIFIED_STR_TBL -DFIRST_MTD_ROTATION -DWIFI_ON_OFF_SCHE -DAUTO_CONN_24HR -DIGMP_PROXY -DAP_MODE -D__CONFIG_IGMP_SNOOPING__ -DLINUX26 -DINCLUDE_IPV6 -DPRESET_WL_SECURITY -DNEW_BCM_WPS_IPC -DSUPPORT_AC_MODE -DSTA_MODE -DPPP_RU_DESIGN -DEXT_ACS -DARP_PROTECTION -DBCM_DCS -DEXT_ACS -Os -DLINUX26 -DCONFIG_KERNEL_2_6_36 -s -Os -fPIC -I/home/edward/GPL/V1.0.3.28_1.1.22PRRU/ap/gpl/amule/wxWidgets-2.8.12/include -Wall -Wmissing-prototypes -Wstrict-prototypes -fexceptions  -L/home/edward/GPL/V1.0.3.28_1.1.22PRRU/ap/gpl/amule/wxWidgets-2.8.12/lib -L/home/edward/GPL/V1.0.3.28_1.1.22PRRU/ap/gpl/amule/libcryptoxx-5.6.0 conftest.c  >&5
configure:8972:1: warning: function declaration isn't a prototype
configure:8972:6: warning: conflicting types for built-in function 'memmove'
configure:8979:1: warning: function declaration isn't a prototype
configure:8986:1: warning: function declaration isn't a prototype
configure:8978: $? = 0
configure:8981: test -s conftest
configure:8984: $? = 0
configure:8995: result: yes
configure:8925: checking for bcopy
configure:8975: arm-uclibc-linux-2.6.36-gcc -o conftest -Os -O2 -DBCMNVRAM -DBCMWPA2 -DRESTART_ALL_PROCESSES -D__CONFIG_USBAP__ -DBCMQOS -DBCMWPS -D__CONFIG_EMF__ -DTRAFFIC_MGMT_RSSI_POLICY -DPHYMON -DSUPPORT_REMOTE_HTTPS -DINCLUDE_WPS_V20 -DINCLUDE_5G_AUTO_CHANNEL -DOPENDNS_PARENTAL_CONTROL -DINCLUDE_ACCESSCONTROL -DINCLUDE_QUICK_QOS -DINCLUDE_UCP -DU12H270 -DR7000 -DMULTIPLE_SSID -DENABLE_ML -DOPEN_SOURCE_SUPPORT -DBCM53125 -DBCM5301X -DACS_INTF_DETECT_PATCH -DCONFIG_RUSSIA_IPTV -DVIDEO_STREAMING_QOS -DFBWIFI_FLAG -DDLNA -DHTTP_ACCESS_USB -DMAX_USB_ACCESS -DSAMBA_ENABLE -DUSB_NEW_SPEC -DINCLUDE_WIFI_BUTTON -DINCLUDE_USB_LED -DINCLUDE_DUAL_BAND -DSINGLE_FIRMWARE -DINCLUDE_GET_ST_CHKSUM -DUNIFIED_STR_TBL -DFIRST_MTD_ROTATION -DWIFI_ON_OFF_SCHE -DAUTO_CONN_24HR -DIGMP_PROXY -DAP_MODE -D__CONFIG_IGMP_SNOOPING__ -DLINUX26 -DINCLUDE_IPV6 -DPRESET_WL_SECURITY -DNEW_BCM_WPS_IPC -DSUPPORT_AC_MODE -DSTA_MODE -DPPP_RU_DESIGN -DEXT_ACS -DARP_PROTECTION -DBCM_DCS -DEXT_ACS -Os -DLINUX26 -DCONFIG_KERNEL_2_6_36 -s -Os -fPIC -I/home/edward/GPL/V1.0.3.28_1.1.22PRRU/ap/gpl/amule/wxWidgets-2.8.12/include -Wall -Wmissing-prototypes -Wstrict-prototypes -fexceptions  -L/home/edward/GPL/V1.0.3.28_1.1.22PRRU/ap/gpl/amule/wxWidgets-2.8.12/lib -L/home/edward/GPL/V1.0.3.28_1.1.22PRRU/ap/gpl/amule/libcryptoxx-5.6.0 conftest.c  >&5
configure:8973:1: warning: function declaration isn't a prototype
configure:8973:6: warning: conflicting types for built-in function 'bcopy'
configure:8980:1: warning: function declaration isn't a prototype
configure:8987:1: warning: function declaration isn't a prototype
configure:8978: $? = 0
configure:8981: test -s conftest
configure:8984: $? = 0
configure:8995: result: yes
configure:9119: creating ./config.status

## ---------------------- ##
## Running config.status. ##
## ---------------------- ##

This file was extended by config.status, which was
generated by GNU Autoconf 2.57.  Invocation command line was

  CONFIG_FILES    = 
  CONFIG_HEADERS  = 
  CONFIG_LINKS    = 
  CONFIG_COMMANDS = 
  $ ./config.status 

on sw-server-206

config.status:634: creating Makefile
config.status:738: creating expat_config.h

## ---------------- ##
## Cache variables. ##
## ---------------- ##

ac_cv_build=i386-pc-linux-gnu
ac_cv_build_alias=i386-pc-linux-gnu
ac_cv_c_bigendian=no
ac_cv_c_compiler_gnu=yes
ac_cv_c_const=yes
ac_cv_c_inline=inline
ac_cv_cxx_compiler_gnu=yes
ac_cv_cxx_const_cast=yes
ac_cv_cxx_reinterpret_cast=yes
ac_cv_cxx_static_cast=yes
ac_cv_env_CAIRO_CFLAGS_set=
ac_cv_env_CAIRO_CFLAGS_value=
ac_cv_env_CAIRO_LIBS_set=
ac_cv_env_CAIRO_LIBS_value=
ac_cv_env_CC_set=set
ac_cv_env_CC_value=arm-uclibc-linux-2.6.36-gcc
ac_cv_env_CFLAGS_set=set
ac_cv_env_CFLAGS_value='-Os -O2 -DBCMNVRAM -DBCMWPA2 -DRESTART_ALL_PROCESSES -D__CONFIG_USBAP__ -DBCMQOS -DBCMWPS -D__CONFIG_EMF__ -DTRAFFIC_MGMT_RSSI_POLICY -DPHYMON -DSUPPORT_REMOTE_HTTPS -DINCLUDE_WPS_V20 -DINCLUDE_5G_AUTO_CHANNEL -DOPENDNS_PARENTAL_CONTROL -DINCLUDE_ACCESSCONTROL -DINCLUDE_QUICK_QOS -DINCLUDE_UCP -DU12H270 -DR7000 -DMULTIPLE_SSID -DENABLE_ML -DOPEN_SOURCE_SUPPORT -DBCM53125 -DBCM5301X -DACS_INTF_DETECT_PATCH -DCONFIG_RUSSIA_IPTV -DVIDEO_STREAMING_QOS -DFBWIFI_FLAG -DDLNA -DHTTP_ACCESS_USB -DMAX_USB_ACCESS -DSAMBA_ENABLE -DUSB_NEW_SPEC -DINCLUDE_WIFI_BUTTON -DINCLUDE_USB_LED -DINCLUDE_DUAL_BAND -DSINGLE_FIRMWARE -DINCLUDE_GET_ST_CHKSUM -DUNIFIED_STR_TBL -DFIRST_MTD_ROTATION -DWIFI_ON_OFF_SCHE -DAUTO_CONN_24HR -DIGMP_PROXY -DAP_MODE -D__CONFIG_IGMP_SNOOPING__ -DLINUX26 -DINCLUDE_IPV6 -DPRESET_WL_SECURITY -DNEW_BCM_WPS_IPC -DSUPPORT_AC_MODE -DSTA_MODE -DPPP_RU_DESIGN -DEXT_ACS -DARP_PROTECTION -DBCM_DCS -DEXT_ACS -Os -DLINUX26 -DCONFIG_KERNEL_2_6_36 -s -Os -fPIC -I/home/edward/GPL/V1.0.3.28_1.1.22PRRU/ap/gpl/amule/wxWidgets-2.8.12/include'
ac_cv_env_CPPFLAGS_set=
ac_cv_env_CPPFLAGS_value=
ac_cv_env_CPP_set=set
ac_cv_env_CPP_value='arm-uclibc-linux-2.6.36-gcc -E'
ac_cv_env_CXXFLAGS_set=
ac_cv_env_CXXFLAGS_value=
ac_cv_env_CXX_set=set
ac_cv_env_CXX_value=arm-uclibc-linux-2.6.36-g++
ac_cv_env_DIRECTFB_CFLAGS_set=
ac_cv_env_DIRECTFB_CFLAGS_value=
ac_cv_env_DIRECTFB_LIBS_set=
ac_cv_env_DIRECTFB_LIBS_value=
ac_cv_env_GNOMEVFS_CFLAGS_set=
ac_cv_env_GNOMEVFS_CFLAGS_value=
ac_cv_env_GNOMEVFS_LIBS_set=
ac_cv_env_GNOMEVFS_LIBS_value=
ac_cv_env_GST_CFLAGS_set=
ac_cv_env_GST_CFLAGS_value=
ac_cv_env_GST_LIBS_set=
ac_cv_env_GST_LIBS_value=
ac_cv_env_HILDON_CFLAGS_set=
ac_cv_env_HILDON_CFLAGS_value=
ac_cv_env_HILDON_LIBS_set=
ac_cv_env_HILDON_LIBS_value=
ac_cv_env_LDFLAGS_set=set
ac_cv_env_LDFLAGS_value='-L/home/edward/GPL/V1.0.3.28_1.1.22PRRU/ap/gpl/amule/wxWidgets-2.8.12/lib -L/home/edward/GPL/V1.0.3.28_1.1.22PRRU/ap/gpl/amule/libcryptoxx-5.6.0'
ac_cv_env_LIBGNOMEPRINTUI_CFLAGS_set=
ac_cv_env_LIBGNOMEPRINTUI_CFLAGS_value=
ac_cv_env_LIBGNOMEPRINTUI_LIBS_set=
ac_cv_env_LIBGNOMEPRINTUI_LIBS_value=
ac_cv_env_PANGOFT2_CFLAGS_set=
ac_cv_env_PANGOFT2_CFLAGS_value=
ac_cv_env_PANGOFT2_LIBS_set=
ac_cv_env_PANGOFT2_LIBS_value=
ac_cv_env_PANGOXFT_CFLAGS_set=
ac_cv_env_PANGOXFT_CFLAGS_value=
ac_cv_env_PANGOXFT_LIBS_set=
ac_cv_env_PANGOXFT_LIBS_value=
ac_cv_env_PANGOX_CFLAGS_set=
ac_cv_env_PANGOX_CFLAGS_value=
ac_cv_env_PANGOX_LIBS_set=
ac_cv_env_PANGOX_LIBS_value=
ac_cv_env_PKG_CONFIG_set=
ac_cv_env_PKG_CONFIG_value=
ac_cv_env_build_alias_set=set
ac_cv_env_build_alias_value=i386-pc-linux-gnu
ac_cv_env_host_alias_set=set
ac_cv_env_host_alias_value=arm-linux
ac_cv_env_target_alias_set=set
ac_cv_env_target_alias_value=arm-linux
ac_cv_exeext=
ac_cv_func_bcopy=yes
ac_cv_func_ceil=yes
ac_cv_func_cos=no
ac_cv_func_dlerror=no
ac_cv_func_dlopen=no
ac_cv_func_fcntl=yes
ac_cv_func_floor=no
ac_cv_func_fseeko=yes
ac_cv_func_getpagesize=yes
ac_cv_func_gettimeofday=yes
ac_cv_func_gmtime_r=yes
ac_cv_func_inet_addr=yes
ac_cv_func_inet_aton=yes
ac_cv_func_localtime=yes
ac_cv_func_localtime_r=yes
ac_cv_func_memcmp_working=no
ac_cv_func_memmove=yes
ac_cv_func_mkstemp=yes
ac_cv_func_mmap_fixed_mapped=no
ac_cv_func_nanosleep=yes
ac_cv_func_pthread_attr_getschedpolicy=yes
ac_cv_func_pthread_attr_setschedparam=yes
ac_cv_func_pthread_attr_setstacksize=yes
ac_cv_func_pthread_cancel=yes
ac_cv_func_readdir_r=yes
ac_cv_func_sched_get_priority_max=yes
ac_cv_func_sched_yield=yes
ac_cv_func_setenv=yes
ac_cv_func_sigaction=yes
ac_cv_func_sin=yes
ac_cv_func_snprintf=yes
ac_cv_func_socket=yes
ac_cv_func_strptime=yes
ac_cv_func_swprintf=yes
ac_cv_func_thr_setconcurrency=no
ac_cv_func_timegm=yes
ac_cv_func_unsetenv=yes
ac_cv_func_vsnprintf=yes
ac_cv_func_wcslen=yes
ac_cv_func_wcsrtombs=yes
ac_cv_func_which_gethostbyname_r=six
ac_cv_func_which_getservbyname_r=six
ac_cv_header_dlfcn_h=yes
ac_cv_header_expat_h=no
ac_cv_header_fcntl_h=yes
ac_cv_header_fnmatch_h=yes
ac_cv_header_inttypes_h=yes
ac_cv_header_iostream=yes
ac_cv_header_langinfo_h=yes
ac_cv_header_malloc_h=yes
ac_cv_header_memory_h=yes
ac_cv_header_mspack_h=no
ac_cv_header_sched_h=yes
ac_cv_header_stdc=yes
ac_cv_header_stdint_h=yes
ac_cv_header_stdlib_h=yes
ac_cv_header_string_h=yes
ac_cv_header_strings_h=yes
ac_cv_header_sys_select_h=yes
ac_cv_header_sys_soundcard=yes
ac_cv_header_sys_stat_h=yes
ac_cv_header_sys_types_h=yes
ac_cv_header_unistd_h=yes
ac_cv_header_wchar_h=yes
ac_cv_header_zlib_h=yes
ac_cv_host=arm-unknown-linux-gnu
ac_cv_host_alias=arm-linux
ac_cv_lib_dl_dlerror=yes
ac_cv_lib_dl_dlopen=yes
ac_cv_lib_esd_esd_close=no
ac_cv_lib_z_deflate=yes
ac_cv_objext=o
ac_cv_path_CPPUNIT_CONFIG=no
ac_cv_path_SDL_CONFIG=/usr/bin/sdl-config
ac_cv_path_install='/usr/bin/install -c'
ac_cv_prog_AR=arm-uclibc-linux-2.6.36-ar
ac_cv_prog_CC=arm-uclibc-linux-2.6.36-gcc
ac_cv_prog_CPP='arm-uclibc-linux-2.6.36-gcc -E'
ac_cv_prog_CXX=arm-uclibc-linux-2.6.36-g++
ac_cv_prog_NM=arm-uclibc-linux-2.6.36-nm
ac_cv_prog_RANLIB=arm-uclibc-linux-2.6.36-ranlib
ac_cv_prog_STRIP=arm-uclibc-linux-2.6.36-strip
ac_cv_prog_cc_g=yes
ac_cv_prog_cc_stdc=
ac_cv_prog_cxx_g=yes
ac_cv_prog_egrep='grep -E'
ac_cv_prog_gcc_traditional=no
ac_cv_prog_make_make_set=yes
ac_cv_search_backtrace=no
ac_cv_sizeof_char=1
ac_cv_sizeof_int=4
ac_cv_sizeof_long=4
ac_cv_sizeof_long_long=8
ac_cv_sizeof_short=2
ac_cv_sizeof_size_t=4
ac_cv_sizeof_void_p=4
ac_cv_sizeof_wchar_t=4
ac_cv_string_strcasecmp=yes
ac_cv_sys_file_offset_bits=64
ac_cv_sys_largefile_source=no
ac_cv_target=arm-unknown-linux-gnu
ac_cv_target_alias=arm-linux
ac_cv_type_char=yes
ac_cv_type_int=yes
ac_cv_type_long=yes
ac_cv_type_long_long=yes
ac_cv_type_mbstate_t=yes
ac_cv_type_mode_t=yes
ac_cv_type_off_t=yes
ac_cv_type_pid_t=yes
ac_cv_type_short=yes
ac_cv_type_size_t=yes
ac_cv_type_ssize_t=yes
ac_cv_type_std__istream=yes
ac_cv_type_std__ostream=yes
ac_cv_type_uid_t=yes
ac_cv_type_void_p=yes
ac_cv_type_wchar_t=yes
am_cv_func_iconv=yes
am_cv_lib_iconv=no
bakefile_cv_c_compiler___INTEL_COMPILER=no
bakefile_cv_c_compiler_mwerks=no
bakefile_cv_cxx_compiler___INTEL_COMPILER=no
bakefile_cv_cxx_compiler___SUNPRO_CC=no
bakefile_cv_prog_makeisgnu=yes
lt_cv_archive_cmds_need_lc=no
lt_cv_compiler_c_o=yes
lt_cv_compiler_o_lo=yes
lt_cv_deplibs_check_method='file_magic ELF [0-9][0-9]*-bit [LM]SB (shared object|dynamic lib )'
lt_cv_file_magic_cmd='$MAGIC_CMD'
lt_cv_file_magic_test_file='/lib/libc.so.6 /lib/libc-2.5.so'
lt_cv_global_symbol_to_c_name_address='sed -n -e '\''s/^: \([^ ]*\) $/  {\"\1\", (lt_ptr) 0},/p'\'' -e '\''s/^[BCDEGRST] \([^ ]*\) \([^ ]*\)$/  {"\2", (lt_ptr) \&\2},/p'\'''
lt_cv_global_symbol_to_cdecl='sed -n -e '\''s/^. .* \(.*\)$/extern char \1;/p'\'''
lt_cv_ld_reload_flag=-r
lt_cv_path_LD=arm-uclibc-linux-2.6.36-ld
lt_cv_path_MAGIC_CMD=/usr/bin/file
lt_cv_path_NM=arm-uclibc-linux-2.6.36-nm
lt_cv_prog_cc_can_build_shared=yes
lt_cv_prog_cc_no_builtin=
lt_cv_prog_cc_pic=' -fPIC'
lt_cv_prog_cc_pic_works=yes
lt_cv_prog_cc_shlib=
lt_cv_prog_cc_static=-static
lt_cv_prog_cc_static_works=yes
lt_cv_prog_cc_wl=-Wl,
lt_cv_prog_gnu_ld=yes
lt_cv_sys_global_symbol_pipe='sed -n -e '\''s/^.*[ 	]\([ABCDGISTW][ABCDGISTW]*\)[ 	][ 	]*\(\)\([_A-Za-z][_A-Za-z0-9]*\)$/\1 \2\3 \3/p'\'''
wx_cv_c_compiler_xlc=no
wx_cv_class_stdstring=yes
wx_cv_cpp_bool=yes
wx_cv_explicit=yes
wx_cv_func_backtrace=no
wx_cv_func_broken_snprintf_decl=no
wx_cv_func_broken_swprintf_decl=no
wx_cv_func_broken_vsnprintf_decl=no
wx_cv_func_fdopen=yes
wx_cv_func_fnmatch=yes
wx_cv_func_fputws=yes
wx_cv_func_fsync=yes
wx_cv_func_getgrgid_r=yes
wx_cv_func_getpwuid_r=yes
wx_cv_func_gettimeofday_has_2_args=yes
wx_cv_func_iconv_const=no
wx_cv_func_pthread_cleanup=yes
wx_cv_func_pthread_mutexattr_settype_decl=yes
wx_cv_func_putws=no
wx_cv_func_round=yes
wx_cv_func_snprintf_decl=yes
wx_cv_func_snprintf_pos_params=no
wx_cv_func_statfs=yes
wx_cv_func_statfs_decl=yes
wx_cv_func_strptime_decl=yes
wx_cv_func_strptime_ok=no
wx_cv_func_strtok_r=yes
wx_cv_func_sysconf=yes
wx_cv_func_uname=yes
wx_cv_func_va_copy=yes
wx_cv_func_vsnprintf_decl=yes
wx_cv_func_vswprintf=yes
wx_cv_func_wcstoull=yes
wx_cv_func_wprintf=yes
wx_cv_func_wputc=no
wx_cv_func_wputchar=no
wx_cv_gcc_pch_bug=no
wx_cv_have_variadic_macros=yes
wx_cv_lib_glibc21=yes
wx_cv_prog_makeisgnu=yes
wx_cv_size_t_is_uint=yes
wx_cv_std_libpath=lib
wx_cv_struct_pw_gecos=yes
wx_cv_struct_tm_has_gmtoff=yes
wx_cv_type_getsockname3=socklen_t
wx_cv_type_getsockopt5=socklen_t
wx_cv_type_pthread_mutexattr_t=yes
wx_cv_type_sa_handler=int
wx_cv_type_statvfs_t='struct statfs'
wx_cv_use_abi_incompatible_features=wxUSE_ABI_INCOMPATIBLE_FEATURES=no
wx_cv_use_apple_ieee=wxUSE_APPLE_IEEE=yes
wx_cv_use_arcstream=wxUSE_ARCHIVE_STREAMS=yes
wx_cv_use_backtrace=wxUSE_STACKWALKER=yes
wx_cv_use_catch_segvs=wxUSE_ON_FATAL_EXCEPTION=yes
wx_cv_use_cmdline=wxUSE_CMDLINE_PARSER=yes
wx_cv_use_compat24=WXWIN_COMPATIBILITY_2_4=
wx_cv_use_compat26=WXWIN_COMPATIBILITY_2_6=
wx_cv_use_config=wxUSE_CONFIG=yes
wx_cv_use_dataobj=wxUSE_DATAOBJ=yes
wx_cv_use_datetime=wxUSE_DATETIME=yes
wx_cv_use_debug=wxUSE_DEBUG=
wx_cv_use_debug_cntxt=wxUSE_DEBUG_CONTEXT=no
wx_cv_use_debug_flag=wxUSE_DEBUG_FLAG=no
wx_cv_use_debug_gdb=wxUSE_DEBUG_GDB=no
wx_cv_use_debug_info=wxUSE_DEBUG_INFO=no
wx_cv_use_debugreport=wxUSE_DEBUGREPORT=yes
wx_cv_use_dialupman=wxUSE_DIALUP_MANAGER=yes
wx_cv_use_dmalloc=wxUSE_DMALLOC=no
wx_cv_use_dynamicloader=wxUSE_DYNAMIC_LOADER=yes
wx_cv_use_dynlib=wxUSE_DYNLIB_CLASS=yes
wx_cv_use_exceptions=wxUSE_EXCEPTIONS=yes
wx_cv_use_expat=wxUSE_EXPAT=yes
wx_cv_use_ffile=wxUSE_FFILE=yes
wx_cv_use_file=wxUSE_FILE=yes
wx_cv_use_fileproto=wxUSE_PROTOCOL_FILE=yes
wx_cv_use_filesystem=wxUSE_FILESYSTEM=yes
wx_cv_use_fontmap=wxUSE_FONTMAP=yes
wx_cv_use_fs_archive=wxUSE_FS_ARCHIVE=yes
wx_cv_use_fs_inet=wxUSE_FS_INET=yes
wx_cv_use_fs_zip=wxUSE_FS_ZIP=yes
wx_cv_use_ftp=wxUSE_PROTOCOL_FTP=yes
wx_cv_use_geometry=wxUSE_GEOMETRY=yes
wx_cv_use_gstreamer8=wxUSE_GSTREAMER8=no
wx_cv_use_gui=wxUSE_GUI=no
wx_cv_use_http=wxUSE_PROTOCOL_HTTP=yes
wx_cv_use_intl=wxUSE_INTL=yes
wx_cv_use_ipc=wxUSE_IPC=yes
wx_cv_use_log=wxUSE_LOG=yes
wx_cv_use_longlong=wxUSE_LONGLONG=yes
wx_cv_use_mediactrl=wxUSE_MEDIACTRL=no
wx_cv_use_mem_tracing=wxUSE_MEM_TRACING=no
wx_cv_use_mimetype=wxUSE_MIMETYPE=yes
wx_cv_use_monolithic=wxUSE_MONOLITHIC=no
wx_cv_use_mslu=wxUSE_UNICODE_MSLU=yes
wx_cv_use_no_deps=wxUSE_NO_DEPS=no
wx_cv_use_no_exceptions=wxUSE_NO_EXCEPTIONS=no
wx_cv_use_no_rtti=wxUSE_NO_RTTI=no
wx_cv_use_objc_uniquifying=wxUSE_OBJC_UNIQUIFYING=no
wx_cv_use_odbc=wxUSE_ODBC=no
wx_cv_use_official_build=wxUSE_OFFICIAL_BUILD=no
wx_cv_use_ole=wxUSE_OLE=yes
wx_cv_use_optimise=wxUSE_OPTIMISE=yes
wx_cv_use_permissive=wxUSE_PERMISSIVE=no
wx_cv_use_plugins=wxUSE_PLUGINS=no
wx_cv_use_printfposparam=wxUSE_PRINTF_POS_PARAMS=yes
wx_cv_use_profile=wxUSE_PROFILE=no
wx_cv_use_protocol=wxUSE_PROTOCOL=yes
wx_cv_use_protocol_file=wxUSE_PROTOCOL_FILE=yes
wx_cv_use_protocol_ftp=wxUSE_PROTOCOL_FTP=yes
wx_cv_use_protocol_http=wxUSE_PROTOCOL_HTTP=yes
wx_cv_use_protocols=wxUSE_PROTOCOL=yes
wx_cv_use_regex=wxUSE_REGEX=yes
wx_cv_use_rpath=wxUSE_RPATH=yes
wx_cv_use_shared=wxUSE_SHARED=yes
wx_cv_use_snglinst=wxUSE_SNGLINST_CHECKER=yes
wx_cv_use_sockets=wxUSE_SOCKETS=yes
wx_cv_use_sound=wxUSE_SOUND=yes
wx_cv_use_std_iostreams=wxUSE_STD_IOSTREAM=yes
wx_cv_use_std_string=wxUSE_STD_STRING=yes
wx_cv_use_stdpaths=wxUSE_STDPATHS=yes
wx_cv_use_stl=wxUSE_STL=no
wx_cv_use_stopwatch=wxUSE_STOPWATCH=yes
wx_cv_use_streams=wxUSE_STREAMS=yes
wx_cv_use_subdirs=wxWITH_SUBDIRS=
wx_cv_use_sysoptions=wxUSE_SYSTEM_OPTIONS=yes
wx_cv_use_tarstream=wxUSE_TARSTREAM=yes
wx_cv_use_textbuf=wxUSE_TEXTBUFFER=yes
wx_cv_use_textfile=wxUSE_TEXTFILE=yes
wx_cv_use_threads=wxUSE_THREADS=yes
wx_cv_use_timer=wxUSE_TIMER=yes
wx_cv_use_unicode=wxUSE_UNICODE=yes
wx_cv_use_universal_binary=wxUSE_UNIVERSAL_BINARY=no
wx_cv_use_url=wxUSE_URL=yes
wx_cv_use_vararg_macros=wxUSE_VARARG_MACROS=yes
wx_cv_use_variant=wxUSE_VARIANT=yes
wx_cv_use_zipstream=wxUSE_ZIPSTREAM=yes
wx_cv_use_zlib=wxUSE_ZLIB=yes
wx_cv_var_timezone=timezone
wx_cv_version_script=yes

## ----------------- ##
## Output variables. ##
## ----------------- ##

CC='arm-uclibc-linux-2.6.36-gcc'
CFLAGS='-Os -O2 -DBCMNVRAM -DBCMWPA2 -DRESTART_ALL_PROCESSES -D__CONFIG_USBAP__ -DBCMQOS -DBCMWPS -D__CONFIG_EMF__ -DTRAFFIC_MGMT_RSSI_POLICY -DPHYMON -DSUPPORT_REMOTE_HTTPS -DINCLUDE_WPS_V20 -DINCLUDE_5G_AUTO_CHANNEL -DOPENDNS_PARENTAL_CONTROL -DINCLUDE_ACCESSCONTROL -DINCLUDE_QUICK_QOS -DINCLUDE_UCP -DU12H270 -DR7000 -DMULTIPLE_SSID -DENABLE_ML -DOPEN_SOURCE_SUPPORT -DBCM53125 -DBCM5301X -DACS_INTF_DETECT_PATCH -DCONFIG_RUSSIA_IPTV -DVIDEO_STREAMING_QOS -DFBWIFI_FLAG -DDLNA -DHTTP_ACCESS_USB -DMAX_USB_ACCESS -DSAMBA_ENABLE -DUSB_NEW_SPEC -DINCLUDE_WIFI_BUTTON -DINCLUDE_USB_LED -DINCLUDE_DUAL_BAND -DSINGLE_FIRMWARE -DINCLUDE_GET_ST_CHKSUM -DUNIFIED_STR_TBL -DFIRST_MTD_ROTATION -DWIFI_ON_OFF_SCHE -DAUTO_CONN_24HR -DIGMP_PROXY -DAP_MODE -D__CONFIG_IGMP_SNOOPING__ -DLINUX26 -DINCLUDE_IPV6 -DPRESET_WL_SECURITY -DNEW_BCM_WPS_IPC -DSUPPORT_AC_MODE -DSTA_MODE -DPPP_RU_DESIGN -DEXT_ACS -DARP_PROTECTION -DBCM_DCS -DEXT_ACS -Os -DLINUX26 -DCONFIG_KERNEL_2_6_36 -s -Os -fPIC -I/home/edward/GPL/V1.0.3.28_1.1.22PRRU/ap/gpl/amule/wxWidgets-2.8.12/include -Wall -Wmissing-prototypes -Wstrict-prototypes -fexceptions'
CPP='arm-uclibc-linux-2.6.36-gcc -E'
CPPFLAGS=''
DEFS='-DHAVE_CONFIG_H'
ECHO='echo'
ECHO_C=''
ECHO_N='-n'
ECHO_T=''
EGREP='grep -E'
EXEEXT=''
FILEMAP='readfilemap'
INSTALL_DATA='${INSTALL} -m 644'
INSTALL_PROGRAM='${INSTALL}'
INSTALL_SCRIPT='${INSTALL}'
LDFLAGS='-L/home/edward/GPL/V1.0.3.28_1.1.22PRRU/ap/gpl/amule/wxWidgets-2.8.12/lib -L/home/edward/GPL/V1.0.3.28_1.1.22PRRU/ap/gpl/amule/libcryptoxx-5.6.0'
LIBAGE='4'
LIBCURRENT='4'
LIBOBJS=' memcmp$U.o'
LIBREVISION='0'
LIBS=''
LIBTOOL='$(SHELL) $(top_builddir)/libtool'
LN_S='ln -s'
LTLIBOBJS=' memcmp$U.lo'
OBJEXT='o'
PACKAGE_BUGREPORT=''
PACKAGE_NAME=''
PACKAGE_STRING=''
PACKAGE_TARNAME=''
PACKAGE_VERSION=''
PATH_SEPARATOR=':'
RANLIB='arm-uclibc-linux-2.6.36-ranlib'
SHELL='/bin/sh'
STRIP='arm-uclibc-linux-2.6.36-strip'
ac_ct_CC=''
ac_ct_RANLIB=''
ac_ct_STRIP=''
bindir='${exec_prefix}/bin'
build='i386-pc-linux-gnu'
build_alias='i386-pc-linux-gnu'
build_cpu='i386'
build_os='linux-gnu'
build_vendor='pc'
datadir='${prefix}/share'
exec_prefix='${prefix}'
host='arm-unknown-linux-gnu'
host_alias='arm-linux'
host_cpu='arm'
host_os='linux-gnu'
host_vendor='unknown'
includedir='${prefix}/include'
infodir='${prefix}/info'
libdir='${exec_prefix}/lib'
libexecdir='${exec_prefix}/libexec'
localstatedir='${prefix}/var'
mandir='${prefix}/man'
oldincludedir='/usr/include'
prefix='/usr/local'
program_transform_name='s,x,x,'
sbindir='${exec_prefix}/sbin'
sharedstatedir='${prefix}/com'
sysconfdir='${prefix}/etc'
target_alias='arm-linux'

## ----------- ##
## confdefs.h. ##
## ----------- ##

#define BYTEORDER 1234
#define HAVE_BCOPY 1
#define HAVE_DLFCN_H 1
#define HAVE_FCNTL_H 1
#define HAVE_GETPAGESIZE 1
#define HAVE_INTTYPES_H 1
#define HAVE_MEMMOVE 1
#define HAVE_MEMORY_H 1
#define HAVE_STDINT_H 1
#define HAVE_STDLIB_H 1
#define HAVE_STDLIB_H 1
#define HAVE_STRINGS_H 1
#define HAVE_STRING_H 1
#define HAVE_SYS_STAT_H 1
#define HAVE_SYS_TYPES_H 1
#define HAVE_UNISTD_H 1
#define HAVE_UNISTD_H 1
#define HAVE_UNISTD_H 1
#define PACKAGE_BUGREPORT ""
#define PACKAGE_NAME ""
#define PACKAGE_STRING ""
#define PACKAGE_TARNAME ""
#define PACKAGE_VERSION ""
#define STDC_HEADERS 1
#define STDC_HEADERS 1
#define XML_CONTEXT_BYTES 1024
#define XML_DTD 1
#define XML_NS 1

configure: exit 0
